
*** Running vivado
    with args -log guess_the_number.vds -m64 -product Vivado -mode batch -messageDb vivado.pb -notrace -source guess_the_number.tcl



****** Vivado v2024.2 (64-bit)
  **** SW Build 5239630 on Fri Nov 08 22:35:27 MST 2024
  **** IP Build 5239520 on Sun Nov 10 16:12:51 MST 2024
  **** SharedData Build 5239561 on Fri Nov 08 14:39:27 MST 2024
  **** Start of session at: Tue Dec  3 01:58:35 2024
    ** Copyright 1986-2022 Xilinx, Inc. All Rights Reserved.
    ** Copyright 2022-2024 Advanced Micro Devices, Inc. All Rights Reserved.

source guess_the_number.tcl -notrace
Command: read_checkpoint -auto_incremental -incremental {C:/Users/Aaron/Documents/Button Mash Project/Button Mesh/Button Mesh.srcs/utils_1/imports/synth_1/buttonmashproject.dcp}
INFO: [Vivado 12-5825] Read reference checkpoint from C:/Users/Aaron/Documents/Button Mash Project/Button Mesh/Button Mesh.srcs/utils_1/imports/synth_1/buttonmashproject.dcp for incremental synthesis
INFO: [Vivado 12-7989] Please ensure there are no constraint changes
Command: synth_design -top guess_the_number -part xc7a35tcpg236-1
Starting synth_design
Attempting to get a license for feature 'Synthesis' and/or device 'xc7a35t'
INFO: [Common 17-349] Got license for feature 'Synthesis' and/or device 'xc7a35t'
INFO: [Device 21-403] Loading part xc7a35tcpg236-1
INFO: [Designutils 20-5440] No compile time benefit to using incremental synthesis; A full resynthesis will be run
INFO: [Designutils 20-4379] Flow is switching to default flow due to incremental criteria not met. If you would like to alter this behaviour and have the flow terminate instead, please set the following parameter config_implementation {autoIncr.Synth.RejectBehavior Terminate}
INFO: [Synth 8-7079] Multithreading enabled for synth_design using a maximum of 2 processes.
INFO: [Synth 8-7078] Launching helper process for spawning children vivado processes
INFO: [Synth 8-7075] Helper process launched with PID 4412

*** Running vivado
    with args -log guess_the_number.vds -m64 -product Vivado -mode batch -messageDb vivado.pb -notrace -source guess_the_number.tcl



****** Vivado v2024.2 (64-bit)
  **** SW Build 5239630 on Fri Nov 08 22:35:27 MST 2024
  **** IP Build 5239520 on Sun Nov 10 16:12:51 MST 2024
  **** SharedData Build 5239561 on Fri Nov 08 14:39:27 MST 2024
  **** Start of session at: Tue Dec  3 01:59:04 2024
    ** Copyright 1986-2022 Xilinx, Inc. All Rights Reserved.
    ** Copyright 2022-2024 Advanced Micro Devices, Inc. All Rights Reserved.

source guess_the_number.tcl -notrace
Command: read_checkpoint -auto_incremental -incremental {C:/Users/Aaron/Documents/Button Mash Project/Button Mesh/Button Mesh.srcs/utils_1/imports/synth_1/buttonmashproject.dcp}
INFO: [Vivado 12-5825] Read reference checkpoint from C:/Users/Aaron/Documents/Button Mash Project/Button Mesh/Button Mesh.srcs/utils_1/imports/synth_1/buttonmashproject.dcp for incremental synthesis
INFO: [Vivado 12-7989] Please ensure there are no constraint changes
Command: synth_design -top guess_the_number -part xc7a35tcpg236-1
Starting synth_design
Attempting to get a license for feature 'Synthesis' and/or device 'xc7a35t'
INFO: [Common 17-349] Got license for feature 'Synthesis' and/or device 'xc7a35t'
INFO: [Device 21-403] Loading part xc7a35tcpg236-1
INFO: [Designutils 20-5440] No compile time benefit to using incremental synthesis; A full resynthesis will be run
INFO: [Designutils 20-4379] Flow is switching to default flow due to incremental criteria not met. If you would like to alter this behaviour and have the flow terminate instead, please set the following parameter config_implementation {autoIncr.Synth.RejectBehavior Terminate}
INFO: [Synth 8-7079] Multithreading enabled for synth_design using a maximum of 2 processes.
INFO: [Synth 8-7078] Launching helper process for spawning children vivado processes
INFO: [Synth 8-7075] Helper process launched with PID 32800
---------------------------------------------------------------------------------
Starting RTL Elaboration : Time (s): cpu = 00:00:02 ; elapsed = 00:00:08 . Memory (MB): peak = 1030.414 ; gain = 469.523
---------------------------------------------------------------------------------
INFO: [Synth 8-638] synthesizing module 'guess_the_number' [C:/Users/Aaron/Documents/Button Mash Project/Button Mesh/Button Mesh.srcs/sources_1/new/buttonmashproject.vhd:16]
INFO: [Synth 8-3491] module 'guess_compare' declared at 'C:/Users/Aaron/Documents/Button Mash Project/Button Mesh/Button Mesh.srcs/sources_1/new/guess_compare.vhd:34' bound to instance 'guess_compare_call' of component 'guess_compare' [C:/Users/Aaron/Documents/Button Mash Project/Button Mesh/Button Mesh.srcs/sources_1/new/buttonmashproject.vhd:34]
INFO: [Synth 8-638] synthesizing module 'guess_compare' [C:/Users/Aaron/Documents/Button Mash Project/Button Mesh/Button Mesh.srcs/sources_1/new/guess_compare.vhd:40]
INFO: [Synth 8-256] done synthesizing module 'guess_compare' (0#1) [C:/Users/Aaron/Documents/Button Mash Project/Button Mesh/Button Mesh.srcs/sources_1/new/guess_compare.vhd:40]
INFO: [Synth 8-256] done synthesizing module 'guess_the_number' (0#1) [C:/Users/Aaron/Documents/Button Mash Project/Button Mesh/Button Mesh.srcs/sources_1/new/buttonmashproject.vhd:16]
---------------------------------------------------------------------------------
Finished RTL Elaboration : Time (s): cpu = 00:00:03 ; elapsed = 00:00:10 . Memory (MB): peak = 1134.945 ; gain = 574.055
---------------------------------------------------------------------------------
---------------------------------------------------------------------------------
Start Handling Custom Attributes
---------------------------------------------------------------------------------
---------------------------------------------------------------------------------
Finished Handling Custom Attributes : Time (s): cpu = 00:00:03 ; elapsed = 00:00:10 . Memory (MB): peak = 1134.945 ; gain = 574.055
---------------------------------------------------------------------------------
---------------------------------------------------------------------------------
Finished RTL Optimization Phase 1 : Time (s): cpu = 00:00:03 ; elapsed = 00:00:10 . Memory (MB): peak = 1134.945 ; gain = 574.055
---------------------------------------------------------------------------------
Netlist sorting complete. Time (s): cpu = 00:00:00 ; elapsed = 00:00:00.003 . Memory (MB): peak = 1134.945 ; gain = 0.000
INFO: [Project 1-570] Preparing netlist for logic optimization

Processing XDC Constraints
Initializing timing engine
Parsing XDC File [C:/Users/Aaron/Documents/Uni Stuff/Sem 6 Fall 2024/ENEL 384/Basys-3-Master.xdc]
Finished Parsing XDC File [C:/Users/Aaron/Documents/Uni Stuff/Sem 6 Fall 2024/ENEL 384/Basys-3-Master.xdc]
INFO: [Project 1-236] Implementation specific constraints were found while reading constraint file [C:/Users/Aaron/Documents/Uni Stuff/Sem 6 Fall 2024/ENEL 384/Basys-3-Master.xdc]. These constraints will be ignored for synthesis but will be used in implementation. Impacted constraints are listed in the file [.Xil/guess_the_number_propImpl.xdc].
Resolution: To avoid this warning, move constraints listed in [.Xil/guess_the_number_propImpl.xdc] to another XDC file and exclude this new file from synthesis with the used_in_synthesis property (File Properties dialog in GUI) and re-run elaboration/synthesis.
Completed Processing XDC Constraints

Netlist sorting complete. Time (s): cpu = 00:00:00 ; elapsed = 00:00:00 . Memory (MB): peak = 1206.461 ; gain = 0.000
INFO: [Project 1-111] Unisim Transformation Summary:
No Unisim elements were transformed.

Constraint Validation Runtime : Time (s): cpu = 00:00:00 ; elapsed = 00:00:00.004 . Memory (MB): peak = 1206.461 ; gain = 0.000
INFO: [Designutils 20-5440] No compile time benefit to using incremental synthesis; A full resynthesis will be run
INFO: [Designutils 20-4379] Flow is switching to default flow due to incremental criteria not met. If you would like to alter this behaviour and have the flow terminate instead, please set the following parameter config_implementation {autoIncr.Synth.RejectBehavior Terminate}
---------------------------------------------------------------------------------
Finished Constraint Validation : Time (s): cpu = 00:00:07 ; elapsed = 00:00:21 . Memory (MB): peak = 1206.461 ; gain = 645.570
---------------------------------------------------------------------------------
---------------------------------------------------------------------------------
Start Loading Part and Timing Information
---------------------------------------------------------------------------------
Loading part: xc7a35tcpg236-1
---------------------------------------------------------------------------------
Finished Loading Part and Timing Information : Time (s): cpu = 00:00:07 ; elapsed = 00:00:21 . Memory (MB): peak = 1206.461 ; gain = 645.570
---------------------------------------------------------------------------------
---------------------------------------------------------------------------------
Start Applying 'set_property' XDC Constraints
---------------------------------------------------------------------------------
---------------------------------------------------------------------------------
Finished applying 'set_property' XDC Constraints : Time (s): cpu = 00:00:07 ; elapsed = 00:00:21 . Memory (MB): peak = 1206.461 ; gain = 645.570
---------------------------------------------------------------------------------
---------------------------------------------------------------------------------
Finished RTL Optimization Phase 2 : Time (s): cpu = 00:00:07 ; elapsed = 00:00:21 . Memory (MB): peak = 1206.461 ; gain = 645.570
---------------------------------------------------------------------------------
---------------------------------------------------------------------------------
Start RTL Component Statistics 
---------------------------------------------------------------------------------
Detailed RTL Component Info : 
+---Adders : 
	   2 Input   31 Bit       Adders := 1     
	   2 Input    4 Bit       Adders := 1     
+---Registers : 
	                5 Bit    Registers := 1     
	                4 Bit    Registers := 1     
	                1 Bit    Registers := 2     
+---Muxes : 
	   2 Input   31 Bit        Muxes := 1     
	   3 Input    5 Bit        Muxes := 2     
	   2 Input    4 Bit        Muxes := 2     
---------------------------------------------------------------------------------
Finished RTL Component Statistics 
---------------------------------------------------------------------------------
---------------------------------------------------------------------------------
Start Part Resource Summary
---------------------------------------------------------------------------------
Part Resources:
DSPs: 90 (col length:60)
BRAMs: 100 (col length: RAMB18 60 RAMB36 30)
---------------------------------------------------------------------------------
Finished Part Resource Summary
---------------------------------------------------------------------------------
---------------------------------------------------------------------------------
Start Cross Boundary and Area Optimization
---------------------------------------------------------------------------------
WARNING: [Synth 8-7080] Parallel synthesis criteria is not met
WARNING: [Synth 8-3917] design guess_the_number has port an[3] driven by constant 1
WARNING: [Synth 8-3917] design guess_the_number has port an[2] driven by constant 1
WARNING: [Synth 8-3917] design guess_the_number has port an[1] driven by constant 1
---------------------------------------------------------------------------------
Finished Cross Boundary and Area Optimization : Time (s): cpu = 00:00:08 ; elapsed = 00:00:26 . Memory (MB): peak = 1206.461 ; gain = 645.570
---------------------------------------------------------------------------------
---------------------------------------------------------------------------------
Start Applying XDC Timing Constraints
---------------------------------------------------------------------------------
---------------------------------------------------------------------------------
Finished Applying XDC Timing Constraints : Time (s): cpu = 00:00:11 ; elapsed = 00:00:34 . Memory (MB): peak = 1333.910 ; gain = 773.020
---------------------------------------------------------------------------------
---------------------------------------------------------------------------------
Start Timing Optimization
---------------------------------------------------------------------------------
---------------------------------------------------------------------------------
Finished Timing Optimization : Time (s): cpu = 00:00:11 ; elapsed = 00:00:35 . Memory (MB): peak = 1378.957 ; gain = 818.066
---------------------------------------------------------------------------------
---------------------------------------------------------------------------------
Start Technology Mapping
---------------------------------------------------------------------------------
---------------------------------------------------------------------------------
Finished Technology Mapping : Time (s): cpu = 00:00:12 ; elapsed = 00:00:35 . Memory (MB): peak = 1378.957 ; gain = 818.066
---------------------------------------------------------------------------------
---------------------------------------------------------------------------------
Start IO Insertion
---------------------------------------------------------------------------------
---------------------------------------------------------------------------------
Start Flattening Before IO Insertion
---------------------------------------------------------------------------------
---------------------------------------------------------------------------------
Finished Flattening Before IO Insertion
---------------------------------------------------------------------------------
---------------------------------------------------------------------------------
Start Final Netlist Cleanup
---------------------------------------------------------------------------------
---------------------------------------------------------------------------------
Finished Final Netlist Cleanup
---------------------------------------------------------------------------------
---------------------------------------------------------------------------------
Finished IO Insertion : Time (s): cpu = 00:00:13 ; elapsed = 00:00:41 . Memory (MB): peak = 1565.605 ; gain = 1004.715
---------------------------------------------------------------------------------
---------------------------------------------------------------------------------
Start Renaming Generated Instances
---------------------------------------------------------------------------------
---------------------------------------------------------------------------------
Finished Renaming Generated Instances : Time (s): cpu = 00:00:13 ; elapsed = 00:00:41 . Memory (MB): peak = 1565.605 ; gain = 1004.715
---------------------------------------------------------------------------------
---------------------------------------------------------------------------------
Start Rebuilding User Hierarchy
---------------------------------------------------------------------------------
---------------------------------------------------------------------------------
Finished Rebuilding User Hierarchy : Time (s): cpu = 00:00:13 ; elapsed = 00:00:41 . Memory (MB): peak = 1565.605 ; gain = 1004.715
---------------------------------------------------------------------------------
---------------------------------------------------------------------------------
Start Renaming Generated Ports
---------------------------------------------------------------------------------
---------------------------------------------------------------------------------
Finished Renaming Generated Ports : Time (s): cpu = 00:00:13 ; elapsed = 00:00:41 . Memory (MB): peak = 1565.605 ; gain = 1004.715
---------------------------------------------------------------------------------
---------------------------------------------------------------------------------
Start Handling Custom Attributes
---------------------------------------------------------------------------------
---------------------------------------------------------------------------------
Finished Handling Custom Attributes : Time (s): cpu = 00:00:13 ; elapsed = 00:00:41 . Memory (MB): peak = 1565.605 ; gain = 1004.715
---------------------------------------------------------------------------------
---------------------------------------------------------------------------------
Start Renaming Generated Nets
---------------------------------------------------------------------------------
---------------------------------------------------------------------------------
Finished Renaming Generated Nets : Time (s): cpu = 00:00:13 ; elapsed = 00:00:41 . Memory (MB): peak = 1565.605 ; gain = 1004.715
---------------------------------------------------------------------------------
---------------------------------------------------------------------------------
Start Writing Synthesis Report
---------------------------------------------------------------------------------

Report BlackBoxes: 
+-+--------------+----------+
| |BlackBox name |Instances |
+-+--------------+----------+
+-+--------------+----------+

Report Cell Usage: 
+------+-------+------+
|      |Cell   |Count |
+------+-------+------+
|1     |BUFG   |     1|
|2     |CARRY4 |    55|
|3     |LUT1   |    33|
|4     |LUT2   |    12|
|5     |LUT3   |    63|
|6     |LUT4   |    19|
|7     |LUT5   |    44|
|8     |LUT6   |   183|
|9     |FDRE   |    39|
|10    |FDSE   |     4|
|11    |IBUF   |    12|
|12    |OBUF   |    12|
+------+-------+------+
---------------------------------------------------------------------------------
Finished Writing Synthesis Report : Time (s): cpu = 00:00:13 ; elapsed = 00:00:41 . Memory (MB): peak = 1565.605 ; gain = 1004.715
---------------------------------------------------------------------------------
Synthesis finished with 0 errors, 0 critical warnings and 4 warnings.
Synthesis Optimization Runtime : Time (s): cpu = 00:00:10 ; elapsed = 00:00:39 . Memory (MB): peak = 1565.605 ; gain = 933.199
Synthesis Optimization Complete : Time (s): cpu = 00:00:14 ; elapsed = 00:00:41 . Memory (MB): peak = 1565.605 ; gain = 1004.715
INFO: [Project 1-571] Translating synthesized netlist
Netlist sorting complete. Time (s): cpu = 00:00:00 ; elapsed = 00:00:00.006 . Memory (MB): peak = 1565.605 ; gain = 0.000
INFO: [Netlist 29-17] Analyzing 55 Unisim elements for replacement
INFO: [Netlist 29-28] Unisim Transformation completed in 0 CPU seconds
INFO: [Project 1-570] Preparing netlist for logic optimization
INFO: [Opt 31-138] Pushed 0 inverter(s) to 0 load pin(s).
Netlist sorting complete. Time (s): cpu = 00:00:00 ; elapsed = 00:00:00 . Memory (MB): peak = 1565.605 ; gain = 0.000
INFO: [Project 1-111] Unisim Transformation Summary:
No Unisim elements were transformed.

Synth Design complete | Checksum: 80d36cef
INFO: [Common 17-83] Releasing license: Synthesis
26 Infos, 4 Warnings, 0 Critical Warnings and 0 Errors encountered.
synth_design completed successfully
synth_design: Time (s): cpu = 00:00:15 ; elapsed = 00:00:48 . Memory (MB): peak = 1565.605 ; gain = 1194.547
Write ShapeDB Complete: Time (s): cpu = 00:00:00 ; elapsed = 00:00:00.003 . Memory (MB): peak = 1565.605 ; gain = 0.000
INFO: [Common 17-1381] The checkpoint 'C:/Users/Aaron/Documents/Button Mash Project/Button Mesh/Button Mesh.runs/synth_1/guess_the_number.dcp' has been generated.
INFO: [Vivado 12-24828] Executing command : report_utilization -file guess_the_number_utilization_synth.rpt -pb guess_the_number_utilization_synth.pb
INFO: [Common 17-206] Exiting Vivado at Tue Dec  3 01:59:58 2024...
